<?xml version="1.0" encoding="UTF-8"?>
<!-- Generated by org.testng.reporters.JUnitXMLReporter -->
<testsuite hostname="Elifs-Air.attlocal.net" ignored="0" name="Hotels Sanity Test" tests="6" failures="0" timestamp="30 Nov 2019 01:52:51 GMT" time="232.078" errors="0">
  <testcase name="verifyHomePageTitleTest" time="0.075" classname="com.hotels.tests.HotelsMainPage1Test"/>
  <testcase name="verifyHomePageTitleTest" time="0.025" classname="com.hotels.tests.HotelsInNewYorkPage2Test"/>
  <testcase name="searchHotelsInNewYork" time="5.794" classname="com.hotels.tests.HotelsMainPage1Test"/>
  <testcase name="Search3StarHotels" time="46.609" classname="com.hotels.tests.HotelsInNewYorkPage2Test"/>
  <testcase name="Search4StarHotels" time="39.562" classname="com.hotels.tests.HotelsInNewYorkPage2Test"/>
  <testcase name="Search5StarHotels" time="47.305" classname="com.hotels.tests.HotelsInNewYorkPage2Test"/>
</testsuite> <!-- Hotels Sanity Test -->
