<?xml version="1.0" encoding="UTF-8"?>
<testng-results skipped="0" failed="0" ignored="0" total="6" passed="6">
  <reporter-output>
  </reporter-output>
  <suite name="Hotels Test Sanity Suite" duration-ms="232078" started-at="2019-11-30T01:48:58Z" finished-at="2019-11-30T01:52:50Z">
    <groups>
    </groups>
    <test name="Hotels Sanity Test" duration-ms="232078" started-at="2019-11-30T01:48:58Z" finished-at="2019-11-30T01:52:50Z">
      <class name="com.hotels.tests.HotelsMainPage1Test">
        <test-method status="PASS" signature="setUp()[pri:0, instance:com.hotels.tests.HotelsMainPage1Test@66a3ffec]" name="setUp" is-config="true" duration-ms="10288" started-at="2019-11-30T01:48:58Z" finished-at="2019-11-30T01:49:09Z">
          <reporter-output>
          </reporter-output>
        </test-method> <!-- setUp -->
        <test-method status="PASS" signature="verifyHomePageTitleTest()[pri:1, instance:com.hotels.tests.HotelsMainPage1Test@66a3ffec]" name="verifyHomePageTitleTest" duration-ms="75" started-at="2019-11-30T01:49:09Z" finished-at="2019-11-30T01:49:09Z">
          <reporter-output>
          </reporter-output>
        </test-method> <!-- verifyHomePageTitleTest -->
        <test-method status="PASS" signature="tearDown()[pri:0, instance:com.hotels.tests.HotelsMainPage1Test@66a3ffec]" name="tearDown" is-config="true" duration-ms="298" started-at="2019-11-30T01:49:09Z" finished-at="2019-11-30T01:49:09Z">
          <reporter-output>
          </reporter-output>
        </test-method> <!-- tearDown -->
        <test-method status="PASS" signature="setUp()[pri:0, instance:com.hotels.tests.HotelsMainPage1Test@66a3ffec]" name="setUp" is-config="true" duration-ms="9597" started-at="2019-11-30T01:49:27Z" finished-at="2019-11-30T01:49:36Z">
          <reporter-output>
          </reporter-output>
        </test-method> <!-- setUp -->
        <test-method status="PASS" signature="searchHotelsInNewYork()[pri:2, instance:com.hotels.tests.HotelsMainPage1Test@66a3ffec]" name="searchHotelsInNewYork" duration-ms="5794" started-at="2019-11-30T01:49:36Z" finished-at="2019-11-30T01:49:42Z">
          <reporter-output>
          </reporter-output>
        </test-method> <!-- searchHotelsInNewYork -->
        <test-method status="PASS" signature="tearDown()[pri:0, instance:com.hotels.tests.HotelsMainPage1Test@66a3ffec]" name="tearDown" is-config="true" duration-ms="307" started-at="2019-11-30T01:49:42Z" finished-at="2019-11-30T01:49:42Z">
          <reporter-output>
          </reporter-output>
        </test-method> <!-- tearDown -->
      </class> <!-- com.hotels.tests.HotelsMainPage1Test -->
      <class name="com.hotels.tests.HotelsInNewYorkPage2Test">
        <test-method status="PASS" signature="setUp()[pri:0, instance:com.hotels.tests.HotelsInNewYorkPage2Test@77caeb3e]" name="setUp" is-config="true" duration-ms="17319" started-at="2019-11-30T01:49:09Z" finished-at="2019-11-30T01:49:26Z">
          <reporter-output>
          </reporter-output>
        </test-method> <!-- setUp -->
        <test-method status="PASS" signature="verifyHomePageTitleTest()[pri:1, instance:com.hotels.tests.HotelsInNewYorkPage2Test@77caeb3e]" name="verifyHomePageTitleTest" duration-ms="25" started-at="2019-11-30T01:49:26Z" finished-at="2019-11-30T01:49:26Z">
          <reporter-output>
          </reporter-output>
        </test-method> <!-- verifyHomePageTitleTest -->
        <test-method status="PASS" signature="tearDown()[pri:0, instance:com.hotels.tests.HotelsInNewYorkPage2Test@77caeb3e]" name="tearDown" is-config="true" duration-ms="342" started-at="2019-11-30T01:49:26Z" finished-at="2019-11-30T01:49:27Z">
          <reporter-output>
          </reporter-output>
        </test-method> <!-- tearDown -->
        <test-method status="PASS" signature="setUp()[pri:0, instance:com.hotels.tests.HotelsInNewYorkPage2Test@77caeb3e]" name="setUp" is-config="true" duration-ms="19322" started-at="2019-11-30T01:49:42Z" finished-at="2019-11-30T01:50:02Z">
          <reporter-output>
          </reporter-output>
        </test-method> <!-- setUp -->
        <test-method status="PASS" signature="Search3StarHotels()[pri:2, instance:com.hotels.tests.HotelsInNewYorkPage2Test@77caeb3e]" name="Search3StarHotels" duration-ms="46609" started-at="2019-11-30T01:50:02Z" finished-at="2019-11-30T01:50:48Z">
          <reporter-output>
          </reporter-output>
        </test-method> <!-- Search3StarHotels -->
        <test-method status="PASS" signature="tearDown()[pri:0, instance:com.hotels.tests.HotelsInNewYorkPage2Test@77caeb3e]" name="tearDown" is-config="true" duration-ms="412" started-at="2019-11-30T01:50:48Z" finished-at="2019-11-30T01:50:49Z">
          <reporter-output>
          </reporter-output>
        </test-method> <!-- tearDown -->
        <test-method status="PASS" signature="setUp()[pri:0, instance:com.hotels.tests.HotelsInNewYorkPage2Test@77caeb3e]" name="setUp" is-config="true" duration-ms="17342" started-at="2019-11-30T01:50:49Z" finished-at="2019-11-30T01:51:06Z">
          <reporter-output>
          </reporter-output>
        </test-method> <!-- setUp -->
        <test-method status="PASS" signature="Search4StarHotels()[pri:3, instance:com.hotels.tests.HotelsInNewYorkPage2Test@77caeb3e]" name="Search4StarHotels" duration-ms="39562" started-at="2019-11-30T01:51:06Z" finished-at="2019-11-30T01:51:46Z">
          <reporter-output>
          </reporter-output>
        </test-method> <!-- Search4StarHotels -->
        <test-method status="PASS" signature="tearDown()[pri:0, instance:com.hotels.tests.HotelsInNewYorkPage2Test@77caeb3e]" name="tearDown" is-config="true" duration-ms="362" started-at="2019-11-30T01:51:46Z" finished-at="2019-11-30T01:51:46Z">
          <reporter-output>
          </reporter-output>
        </test-method> <!-- tearDown -->
        <test-method status="PASS" signature="setUp()[pri:0, instance:com.hotels.tests.HotelsInNewYorkPage2Test@77caeb3e]" name="setUp" is-config="true" duration-ms="16708" started-at="2019-11-30T01:51:46Z" finished-at="2019-11-30T01:52:03Z">
          <reporter-output>
          </reporter-output>
        </test-method> <!-- setUp -->
        <test-method status="PASS" signature="Search5StarHotels()[pri:4, instance:com.hotels.tests.HotelsInNewYorkPage2Test@77caeb3e]" name="Search5StarHotels" duration-ms="47305" started-at="2019-11-30T01:52:03Z" finished-at="2019-11-30T01:52:50Z">
          <reporter-output>
          </reporter-output>
        </test-method> <!-- Search5StarHotels -->
        <test-method status="PASS" signature="tearDown()[pri:0, instance:com.hotels.tests.HotelsInNewYorkPage2Test@77caeb3e]" name="tearDown" is-config="true" duration-ms="332" started-at="2019-11-30T01:52:50Z" finished-at="2019-11-30T01:52:50Z">
          <reporter-output>
          </reporter-output>
        </test-method> <!-- tearDown -->
      </class> <!-- com.hotels.tests.HotelsInNewYorkPage2Test -->
    </test> <!-- Hotels Sanity Test -->
  </suite> <!-- Hotels Test Sanity Suite -->
</testng-results>
